<?xml version="1.0" encoding="UTF-8"?>
<!-- Generated by org.testng.reporters.JUnitReportReporter -->
<testsuite hostname="macbook-pro-2" failures="0" tests="3" name="com.automation.testcases.SearchFunctionalityTest" time="0.001" errors="0" timestamp="2023-05-10T21:58:21 KGT" skipped="0">
  <testcase classname="com.automation.testcases.SearchFunctionalityTest" name="verifySearchResultAreDisplayed" time="0.000"/>
  <system-out/>
  <testcase classname="com.automation.testcases.SearchFunctionalityTest" name="verifyMessageWhenThereAreNoResult" time="0.000"/>
  <system-out/>
  <testcase classname="com.automation.testcases.SearchFunctionalityTest" name="verifySearchResultHasSearchKeyword" time="0.001"/>
  <system-out/>
</testsuite> <!-- com.automation.testcases.SearchFunctionalityTest -->
