<?xml version="1.0" encoding="UTF-8"?>
<!-- Generated by org.testng.reporters.JUnitReportReporter -->
<testsuite hostname="macbook-pro-2" failures="0" tests="3" name="com.automation.testcases.CartPageTest" time="0.001" errors="0" timestamp="2023-05-10T21:58:21 KGT" skipped="0">
  <testcase classname="com.automation.testcases.CartPageTest" name="verifyUserCanChangeQuantityOfItem" time="0.000"/>
  <system-out/>
  <testcase classname="com.automation.testcases.CartPageTest" name="verifyUserCanAddProductToCart" time="0.001"/>
  <system-out/>
  <testcase classname="com.automation.testcases.CartPageTest" name="verifyUserCanRemoveItemFromCart" time="0.000"/>
  <system-out/>
</testsuite> <!-- com.automation.testcases.CartPageTest -->
