<?xml version="1.0" encoding="UTF-8"?>
<!-- Generated by org.testng.reporters.JUnitReportReporter -->
<testsuite hostname="macbook-pro-2" failures="0" tests="4" name="com.automation.testcases.MulTest" time="0.000" errors="0" timestamp="2023-05-10T21:58:21 KGT" skipped="0">
  <testcase classname="com.automation.testcases.MulTest" name="testWithNegativeNumber" time="0.000"/>
  <system-out/>
  <testcase classname="com.automation.testcases.MulTest" name="testWithZero" time="0.000"/>
  <system-out/>
  <testcase classname="com.automation.testcases.MulTest" name="testPositive" time="0.000"/>
  <system-out/>
  <testcase classname="com.automation.testcases.MulTest" name="testWithTwoNegativeNumber" time="0.000"/>
  <system-out/>
</testsuite> <!-- com.automation.testcases.MulTest -->
